# JRE version: OpenJDK Runtime Environment (11.0.2+9) (build 11.0.2+9)
# Java VM: OpenJDK 64-Bit Server VM (11.0.2+9, mixed mode, tiered, compressed oops, g1 gc, windows-amd64)
Heap:
 garbage-first heap   total 129024K, used 91829K [0x0000000080000000, 0x0000000100000000)
  region size 1024K, 22 young (22528K), 3 survivors (3072K)
 Metaspace       used 83933K, capacity 86524K, committed 86608K, reserved 591872K
  class space    used 10930K, capacity 11926K, committed 11936K, reserved 516096K
GC Heap History (10 events):
Event: 417.161 GC heap before
{Heap before GC invocations=25 (full 0):
 garbage-first heap   total 129024K, used 86215K [0x0000000080000000, 0x0000000100000000)
  region size 1024K, 17 young (17408K), 3 survivors (3072K)
 Metaspace       used 78796K, capacity 81271K, committed 81616K, reserved 587776K
  class space    used 10217K, capacity 11170K, committed 11296K, reserved 516096K
}
Event: 417.169 GC heap after
{Heap after GC invocations=26 (full 0):
 garbage-first heap   total 129024K, used 74533K [0x0000000080000000, 0x0000000100000000)
  region size 1024K, 5 young (5120K), 5 survivors (5120K)
 Metaspace       used 78796K, capacity 81271K, committed 81616K, reserved 587776K
  class space    used 10217K, capacity 11170K, committed 11296K, reserved 516096K
}
Event: 422.990 GC heap before
{Heap before GC invocations=27 (full 0):
 garbage-first heap   total 129024K, used 105253K [0x0000000080000000, 0x0000000100000000)
  region size 1024K, 33 young (33792K), 5 survivors (5120K)
 Metaspace       used 81053K, capacity 83489K, committed 83664K, reserved 589824K
  class space    used 10507K, capacity 11434K, committed 11552K, reserved 516096K
}
Event: 422.998 GC heap after
{Heap after GC invocations=28 (full 0):
 garbage-first heap   total 129024K, used 71498K [0x0000000080000000, 0x0000000100000000)
  region size 1024K, 2 young (2048K), 2 survivors (2048K)
 Metaspace       used 81053K, capacity 83489K, committed 83664K, reserved 589824K
  class space    used 10507K, capacity 11434K, committed 11552K, reserved 516096K
}
Event: 424.098 GC heap before
{Heap before GC invocations=28 (full 0):
 garbage-first heap   total 129024K, used 78666K [0x0000000080000000, 0x0000000100000000)
  region size 1024K, 9 young (9216K), 2 survivors (2048K)
 Metaspace       used 81737K, capacity 84176K, committed 84432K, reserved 589824K
  class space    used 10587K, capacity 11535K, committed 11552K, reserved 516096K
}
Event: 424.102 GC heap after
{Heap after GC invocations=29 (full 0):
 garbage-first heap   total 129024K, used 71455K [0x0000000080000000, 0x0000000100000000)
  region size 1024K, 1 young (1024K), 1 survivors (1024K)
 Metaspace       used 81737K, capacity 84176K, committed 84432K, reserved 589824K
  class space    used 10587K, capacity 11535K, committed 11552K, reserved 516096K
}
Event: 425.803 GC heap before
{Heap before GC invocations=30 (full 0):
 garbage-first heap   total 129024K, used 83743K [0x0000000080000000, 0x0000000100000000)
  region size 1024K, 14 young (14336K), 1 survivors (1024K)
 Metaspace       used 82790K, capacity 85239K, committed 85456K, reserved 589824K
  class space    used 10747K, capacity 11696K, committed 11808K, reserved 516096K
}
Event: 425.807 GC heap after
{Heap after GC invocations=31 (full 0):
 garbage-first heap   total 129024K, used 72135K [0x0000000080000000, 0x0000000100000000)
  region size 1024K, 2 young (2048K), 2 survivors (2048K)
 Metaspace       used 82790K, capacity 85239K, committed 85456K, reserved 589824K
  class space    used 10747K, capacity 11696K, committed 11808K, reserved 516096K
}
Event: 431.038 GC heap before
{Heap before GC invocations=32 (full 0):
 garbage-first heap   total 129024K, used 94663K [0x0000000080000000, 0x0000000100000000)
  region size 1024K, 23 young (23552K), 2 survivors (2048K)
 Metaspace       used 83712K, capacity 86200K, committed 86352K, reserved 591872K
  class space    used 10889K, capacity 11882K, committed 11936K, reserved 516096K
}
Event: 431.045 GC heap after
{Heap after GC invocations=33 (full 0):
 garbage-first heap   total 129024K, used 73397K [0x0000000080000000, 0x0000000100000000)
  region size 1024K, 3 young (3072K), 3 survivors (3072K)
 Metaspace       used 83712K, capacity 86200K, committed 86352K, reserved 591872K
  class space    used 10889K, capacity 11882K, committed 11936K, reserved 516096K
}

