# JRE version: OpenJDK Runtime Environment (11.0.2+9) (build 11.0.2+9)
# Java VM: OpenJDK 64-Bit Server VM (11.0.2+9, mixed mode, tiered, compressed oops, g1 gc, windows-amd64)
Heap:
 garbage-first heap   total 129024K, used 94789K [0x0000000080000000, 0x0000000100000000)
  region size 1024K, 50 young (51200K), 8 survivors (8192K)
 Metaspace       used 72123K, capacity 74265K, committed 74396K, reserved 581632K
  class space    used 9491K, capacity 10390K, committed 10496K, reserved 516096K
GC Heap History (10 events):
Event: 84.570 GC heap before
{Heap before GC invocations=14 (full 0):
 garbage-first heap   total 129024K, used 95996K [0x0000000080000000, 0x0000000100000000)
  region size 1024K, 58 young (59392K), 6 survivors (6144K)
 Metaspace       used 57173K, capacity 58805K, committed 59164K, reserved 567296K
  class space    used 7494K, capacity 8209K, committed 8320K, reserved 516096K
}
Event: 84.582 GC heap after
{Heap after GC invocations=15 (full 0):
 garbage-first heap   total 129024K, used 45003K [0x0000000080000000, 0x0000000100000000)
  region size 1024K, 6 young (6144K), 6 survivors (6144K)
 Metaspace       used 57173K, capacity 58805K, committed 59164K, reserved 567296K
  class space    used 7494K, capacity 8209K, committed 8320K, reserved 516096K
}
Event: 85.940 GC heap before
{Heap before GC invocations=15 (full 0):
 garbage-first heap   total 129024K, used 62411K [0x0000000080000000, 0x0000000100000000)
  region size 1024K, 24 young (24576K), 6 survivors (6144K)
 Metaspace       used 58884K, capacity 60516K, committed 60572K, reserved 569344K
  class space    used 7711K, capacity 8397K, committed 8448K, reserved 516096K
}
Event: 85.950 GC heap after
{Heap after GC invocations=16 (full 0):
 garbage-first heap   total 129024K, used 45808K [0x0000000080000000, 0x0000000100000000)
  region size 1024K, 5 young (5120K), 5 survivors (5120K)
 Metaspace       used 58884K, capacity 60516K, committed 60572K, reserved 569344K
  class space    used 7711K, capacity 8397K, committed 8448K, reserved 516096K
}
Event: 88.026 GC heap before
{Heap before GC invocations=17 (full 0):
 garbage-first heap   total 129024K, used 99056K [0x0000000080000000, 0x0000000100000000)
  region size 1024K, 57 young (58368K), 5 survivors (5120K)
 Metaspace       used 62800K, capacity 64660K, committed 64796K, reserved 573440K
  class space    used 8245K, capacity 8989K, committed 9088K, reserved 516096K
}
Event: 88.037 GC heap after
{Heap after GC invocations=18 (full 0):
 garbage-first heap   total 129024K, used 47361K [0x0000000080000000, 0x0000000100000000)
  region size 1024K, 6 young (6144K), 6 survivors (6144K)
 Metaspace       used 62800K, capacity 64660K, committed 64796K, reserved 573440K
  class space    used 8245K, capacity 8989K, committed 9088K, reserved 516096K
}
Event: 92.185 GC heap before
{Heap before GC invocations=18 (full 0):
 garbage-first heap   total 129024K, used 100609K [0x0000000080000000, 0x0000000100000000)
  region size 1024K, 59 young (60416K), 6 survivors (6144K)
 Metaspace       used 66048K, capacity 67947K, committed 68252K, reserved 575488K
  class space    used 8671K, capacity 9412K, committed 9472K, reserved 516096K
}
Event: 92.196 GC heap after
{Heap after GC invocations=19 (full 0):
 garbage-first heap   total 129024K, used 49790K [0x0000000080000000, 0x0000000100000000)
  region size 1024K, 5 young (5120K), 5 survivors (5120K)
 Metaspace       used 66048K, capacity 67947K, committed 68252K, reserved 575488K
  class space    used 8671K, capacity 9412K, committed 9472K, reserved 516096K
}
Event: 96.966 GC heap before
{Heap before GC invocations=19 (full 0):
 garbage-first heap   total 129024K, used 103038K [0x0000000080000000, 0x0000000100000000)
  region size 1024K, 57 young (58368K), 5 survivors (5120K)
 Metaspace       used 69414K, capacity 71495K, committed 71708K, reserved 579584K
  class space    used 9168K, capacity 10027K, committed 10112K, reserved 516096K
}
Event: 96.982 GC heap after
{Heap after GC invocations=20 (full 0):
 garbage-first heap   total 129024K, used 53829K [0x0000000080000000, 0x0000000100000000)
  region size 1024K, 8 young (8192K), 8 survivors (8192K)
 Metaspace       used 69414K, capacity 71495K, committed 71708K, reserved 579584K
  class space    used 9168K, capacity 10027K, committed 10112K, reserved 516096K
}

